C:\temp\10-04-18\implementation\system.ngc 1523449116
C:/temp/10-04-18/implementation/system_dip_switches_8bits_wrapper.ngc 1523449025
C:/temp/10-04-18/implementation/system_rs232_uart_1_wrapper.ngc 1523449025
C:/temp/10-04-18/implementation/system_proc_sys_reset_0_wrapper.ngc 1523449025
C:/temp/10-04-18/implementation/system_clock_generator_0_wrapper.ngc 1523449086
C:/temp/10-04-18/implementation/system_debouncer_0_wrapper.ngc 1523449025
C:/temp/10-04-18/implementation/system_debouncer_1_wrapper.ngc 1523449025
C:/temp/10-04-18/implementation/system_debouncer_2_wrapper.ngc 1523449025
C:/temp/10-04-18/implementation/system_debouncer_3_wrapper.ngc 1523449025
C:/temp/10-04-18/implementation/system_debouncer_4_wrapper.ngc 1523449025
C:/temp/10-04-18/implementation/system_microblaze_0_ilmb_wrapper.ngc 1523449025
C:/temp/10-04-18/implementation/system_microblaze_0_dlmb_wrapper.ngc 1523449025
C:/temp/10-04-18/implementation/system_mcb_ddr2_wrapper.ngc 1523449025
C:/temp/10-04-18/implementation/system_axi4lite_0_wrapper.ngc 1523449090
C:/temp/10-04-18/implementation/system_axi4_0_wrapper.ngc 1523449025
C:/temp/10-04-18/implementation/system_axi_interconnect_1_wrapper.ngc 1523449025
C:/temp/10-04-18/implementation/system_axi_interconnect_2_wrapper.ngc 1523449025
C:/temp/10-04-18/implementation/system_microblaze_0_wrapper.ngc 1523449025
C:/temp/10-04-18/implementation/system_axi_gpio_0_wrapper.ngc 1523449025
C:/temp/10-04-18/implementation/system_axi_gpio_1_wrapper.ngc 1523449025
C:/temp/10-04-18/implementation/system_axi_gpio_2_wrapper.ngc 1523449025
C:/temp/10-04-18/implementation/system_axi_gpio_3_wrapper.ngc 1523449025
C:/temp/10-04-18/implementation/system_axi_gpio_4_wrapper.ngc 1523449025
C:/temp/10-04-18/implementation/system_axi_intc_0_wrapper.ngc 1523449025
C:/temp/10-04-18/implementation/system_microblaze_0_i_bram_ctrl_wrapper.ngc 1523449025
C:/temp/10-04-18/implementation/system_microblaze_0_d_bram_ctrl_wrapper.ngc 1523449025
C:/temp/10-04-18/implementation/system_axi2axi_connector_1_wrapper.ngc 1523449025
C:/temp/10-04-18/implementation/system_axi2axi_connector_2_wrapper.ngc 1523449025
C:/temp/10-04-18/implementation/system_debug_module_wrapper.ngc 1523449025
C:/temp/10-04-18/implementation/system_leds_8bits_wrapper.ngc 1523449025
C:/temp/10-04-18/implementation/system_axi_timer_0_wrapper.ngc 1523449025
C:/temp/10-04-18/implementation/system_lcd_0_wrapper.ngc 1523449025
C:/temp/10-04-18/implementation/system_axi_gpio_5_wrapper.ngc 1523449025
C:/temp/10-04-18/implementation/system_axi_gpio_6_wrapper.ngc 1523449025
C:/temp/10-04-18/implementation/system_axi_gpio_7_wrapper.ngc 1523449025
C:/temp/10-04-18/implementation/system_rtc_0_wrapper.ngc 1523449025
C:/temp/10-04-18/implementation/system_microblaze_0_bram_block_wrapper.ngc 1523449025
OK
